生成启动时间为 2016/4/14 20:14:57。
     1>项目“E:\Project\STL造轮子\Ecalloc\Ecalloc\Ecalloc.vcxproj”在节点 2 上(Build 个目标)。
     1>ClCompile:
         D:\安装\VS2012\VC\bin\CL.exe /c /I"D:\安装\VS2012\Visual Leak Detector\include" /ZI /nologo /W3 /WX- /Od /Oy- /D _MBCS /Gm /EHsc /RTC1 /MDd /GS /fp:precise /Zc:wchar_t /Zc:forScope /Fo"Debug\\" /Fd"Debug\vc110.pdb" /Gd /TP /analyze- /errorReport:prompt ec_alloc.cpp
         ec_alloc.cpp
     1>e:\project\stl造轮子\ecalloc\ecalloc\ec_alloc.h(20): error C4430: 缺少类型说明符 - 假定为 int。注意: C++ 不支持默认 int
     1>d:\安装\vs2012\vc\include\xmemory0(167): error C2903: “rebind”: 符号既不是类 模板 也不是函数 模板
                 d:\安装\vs2012\vc\include\xmemory0(187): 参见对正在编译的类 模板 实例化“std::_Replace_first_parameter<_Newfirst,_Ty>”的引用
                 with
                 [
                     _Newfirst=int,
                     _Ty=ECalloc::allocator<int>
                 ]
                 d:\安装\vs2012\vc\include\xmemory0(443): 参见对正在编译的类 模板 实例化“std::_Get_rebind_type<_Ty,_Other>”的引用
                 with
                 [
                     _Ty=ECalloc::allocator<int>,
                     _Other=int
                 ]
                 d:\安装\vs2012\vc\include\xmemory0(813): 参见对正在编译的类 模板 实例化“std::allocator_traits<_Alloc>::rebind_alloc<_Other>”的引用
                 with
                 [
                     _Alloc=ECalloc::allocator<int>,
                     _Other=int
                 ]
                 d:\安装\vs2012\vc\include\vector(444): 参见对正在编译的类 模板 实例化“std::_Wrap_alloc<_Alloc>::rebind<_Other>”的引用
                 with
                 [
                     _Alloc=ECalloc::allocator<int>,
                     _Other=int
                 ]
                 d:\安装\vs2012\vc\include\vector(584): 参见对正在编译的类 模板 实例化“std::_Vec_base_types<_Ty,_Alloc0>”的引用
                 with
                 [
                     _Ty=int,
                     _Alloc0=ECalloc::allocator<int>
                 ]
                 d:\安装\vs2012\vc\include\vector(657): 参见对正在编译的类 模板 实例化“std::_Vector_alloc<_Al_has_storage,_Alloc_types>”的引用
                 with
                 [
                     _Al_has_storage=false,
                     _Alloc_types=std::_Vec_base_types<int,ECalloc::allocator<int>>
                 ]
                 e:\project\stl造轮子\ecalloc\ecalloc\ec_alloc.cpp(9): 参见对正在编译的类 模板 实例化“std::vector<_Ty,_Alloc>”的引用
                 with
                 [
                     _Ty=int,
                     _Alloc=ECalloc::allocator<int>
                 ]
     1>d:\安装\vs2012\vc\include\xmemory0(167): error C2039: “rebind”: 不是“ECalloc::allocator<T>”的成员
                 with
                 [
                     T=int
                 ]
     1>d:\安装\vs2012\vc\include\xmemory0(167): error C2143: 语法错误 : 缺少“;”(在“<”的前面)
     1>d:\安装\vs2012\vc\include\xmemory0(167): error C4430: 缺少类型说明符 - 假定为 int。注意: C++ 不支持默认 int
     1>d:\安装\vs2012\vc\include\xmemory0(167): error C2039: “other”: 不是“`global namespace'”的成员
     1>d:\安装\vs2012\vc\include\xmemory0(167): error C2238: 意外的标记位于“;”之前
     1>d:\安装\vs2012\vc\include\xmemory0(187): error C2770: “_Replace_first_parameter<_Other,_Uty>::type std::_Get_rebind_type<_Ty,_Other>::_Fn(std::_Wrap_int)”的显式 模板 参数无效
                 with
                 [
                     _Other=int,
                     _Ty=ECalloc::allocator<int>
                 ]
                 d:\安装\vs2012\vc\include\xmemory0(187) : 参见“std::_Get_rebind_type<_Ty,_Other>::_Fn”的声明
                 with
                 [
                     _Ty=ECalloc::allocator<int>,
                     _Other=int
                 ]
     1>d:\安装\vs2012\vc\include\xmemory0(187): error C2770: “_Uty::rebind<_Other>::other std::_Get_rebind_type<_Ty,_Other>::_Fn(int)”的显式 模板 参数无效
                 with
                 [
                     _Other=int,
                     _Ty=ECalloc::allocator<int>
                 ]
                 d:\安装\vs2012\vc\include\xmemory0(187) : 参见“std::_Get_rebind_type<_Ty,_Other>::_Fn”的声明
                 with
                 [
                     _Ty=ECalloc::allocator<int>,
                     _Other=int
                 ]
     1>d:\安装\vs2012\vc\include\xmemory0(777): error C2516: “_Alloc”: 是非法基类
                 d:\安装\vs2012\vc\include\vector(450) : 参见“_Alloc”的声明
                 d:\安装\vs2012\vc\include\vector(450): 参见对正在编译的类 模板 实例化“std::_Wrap_alloc<_Alloc>”的引用
                 with
                 [
                     _Alloc=int
                 ]
     1>d:\安装\vs2012\vc\include\xmemory0(419): error C2825: '_Alloc': 当后面跟“::”时必须为类或命名空间
                 d:\安装\vs2012\vc\include\xmemory0(783): 参见对正在编译的类 模板 实例化“std::allocator_traits<_Alloc>”的引用
                 with
                 [
                     _Alloc=int
                 ]
     1>d:\安装\vs2012\vc\include\xmemory0(419): error C2039: “value_type”: 不是“`global namespace'”的成员
     1>d:\安装\vs2012\vc\include\xmemory0(419): error C2146: 语法错误: 缺少“;”(在标识符“value_type”的前面)
     1>d:\安装\vs2012\vc\include\xmemory0(419): error C2602: “std::allocator_traits<_Alloc>::value_type”不是“std::allocator_traits<_Alloc>”基类的成员
                 with
                 [
                     _Alloc=int
                 ]
                 d:\安装\vs2012\vc\include\xmemory0(419) : 参见“std::allocator_traits<_Alloc>::value_type”的声明
                 with
                 [
                     _Alloc=int
                 ]
     1>d:\安装\vs2012\vc\include\xmemory0(419): error C2868: “std::allocator_traits<_Alloc>::value_type”: 非法的 using 声明语法；应输入限定名
                 with
                 [
                     _Alloc=int
                 ]
     1>d:\安装\vs2012\vc\include\xmemory0(241): error C2825: '_Ty': 当后面跟“::”时必须为类或命名空间
                 d:\安装\vs2012\vc\include\xmemory0(421): 参见对正在编译的类 模板 实例化“std::_Get_pointer_type<_Ty>”的引用
                 with
                 [
                     _Ty=int
                 ]
     1>d:\安装\vs2012\vc\include\xmemory0(241): error C2039: “value_type”: 不是“`global namespace'”的成员
     1>d:\安装\vs2012\vc\include\xmemory0(241): error C3646: “value_type”: 未知重写说明符
     1>d:\安装\vs2012\vc\include\xmemory0(241): error C2143: 语法错误 : 缺少“;”(在“*”的前面)
     1>d:\安装\vs2012\vc\include\xmemory0(241): error C2238: 意外的标记位于“;”之前
     1>d:\安装\vs2012\vc\include\xmemory0(241): error C2988: 不可识别的模板声明/定义
     1>d:\安装\vs2012\vc\include\xmemory0(241): error C2059: 语法错误:“<end Parse>”
     1>d:\安装\vs2012\vc\include\xmemory0(421): error C2039: “type”: 不是“std::_Get_pointer_type<_Ty>”的成员
                 with
                 [
                     _Ty=int
                 ]
     1>d:\安装\vs2012\vc\include\xmemory0(422): error C2146: 语法错误: 缺少“;”(在标识符“pointer”的前面)
     1>d:\安装\vs2012\vc\include\xmemory0(422): error C4430: 缺少类型说明符 - 假定为 int。注意: C++ 不支持默认 int
     1>d:\安装\vs2012\vc\include\xmemory0(248): error C2039: “type”: 不是“std::_Get_pointer_type<_Ty>”的成员
                 with
                 [
                     _Ty=int
                 ]
                 d:\安装\vs2012\vc\include\xmemory0(423): 参见对正在编译的类 模板 实例化“std::_Get_const_pointer_type<_Ty>”的引用
                 with
                 [
                     _Ty=int
                 ]
     1>d:\安装\vs2012\vc\include\xmemory0(248): error C2146: 语法错误: 缺少“,”(在标识符“type”的前面)
     1>d:\安装\vs2012\vc\include\xmemory0(248): error C2065: “type”: 未声明的标识符
     1>d:\安装\vs2012\vc\include\xmemory0(248): error C2825: '_Ty': 当后面跟“::”时必须为类或命名空间
     1>d:\安装\vs2012\vc\include\xmemory0(248): error C2039: “value_type”: 不是“`global namespace'”的成员
     1>d:\安装\vs2012\vc\include\xmemory0(248): error C2146: 语法错误: 缺少“,”(在标识符“value_type”的前面)
     1>d:\安装\vs2012\vc\include\xmemory0(248): error C2065: “value_type”: 未声明的标识符
     1>d:\安装\vs2012\vc\include\xmemory0(248): error C2893: 未能使函数模板“pointer_traits::rebind::other std::_Get_const_pointer_type<_Ty>::_Fn(std::_Wrap_int)”专用化
                 with
                 [
                     _Ty=int
                 ]
                 用下列模板参数:
                 'int'
     1>d:\安装\vs2012\vc\include\xmemory0(248): error C2770: “_Uty::const_pointer std::_Get_const_pointer_type<_Ty>::_Fn(int)”的显式 模板 参数无效
                 with
                 [
                     _Ty=int
                 ]
                 d:\安装\vs2012\vc\include\xmemory0(248) : 参见“std::_Get_const_pointer_type<_Ty>::_Fn”的声明
                 with
                 [
                     _Ty=int
                 ]
     1>d:\安装\vs2012\vc\include\xmemory0(255): error C2039: “type”: 不是“std::_Get_pointer_type<_Ty>”的成员
                 with
                 [
                     _Ty=int
                 ]
                 d:\安装\vs2012\vc\include\xmemory0(425): 参见对正在编译的类 模板 实例化“std::_Get_void_pointer_type<_Ty>”的引用
                 with
                 [
                     _Ty=int
                 ]
     1>d:\安装\vs2012\vc\include\xmemory0(255): error C2146: 语法错误: 缺少“,”(在标识符“type”的前面)
     1>d:\安装\vs2012\vc\include\xmemory0(255): error C2065: “type”: 未声明的标识符
     1>d:\安装\vs2012\vc\include\xmemory0(255): error C2893: 未能使函数模板“pointer_traits::rebind<void>::other std::_Get_void_pointer_type<_Ty>::_Fn(std::_Wrap_int)”专用化
                 with
                 [
                     _Ty=int
                 ]
                 用下列模板参数:
                 'int'
     1>d:\安装\vs2012\vc\include\xmemory0(255): error C2770: “_Uty::void_pointer std::_Get_void_pointer_type<_Ty>::_Fn(int)”的显式 模板 参数无效
                 with
                 [
                     _Ty=int
                 ]
                 d:\安装\vs2012\vc\include\xmemory0(255) : 参见“std::_Get_void_pointer_type<_Ty>::_Fn”的声明
                 with
                 [
                     _Ty=int
                 ]
     1>d:\安装\vs2012\vc\include\xmemory0(262): error C2039: “type”: 不是“std::_Get_pointer_type<_Ty>”的成员
                 with
                 [
                     _Ty=int
                 ]
                 d:\安装\vs2012\vc\include\xmemory0(427): 参见对正在编译的类 模板 实例化“std::_Get_const_void_pointer_type<_Ty>”的引用
                 with
                 [
                     _Ty=int
                 ]
     1>d:\安装\vs2012\vc\include\xmemory0(262): error C2146: 语法错误: 缺少“,”(在标识符“type”的前面)
     1>d:\安装\vs2012\vc\include\xmemory0(262): error C2065: “type”: 未声明的标识符
     1>d:\安装\vs2012\vc\include\xmemory0(262): error C2893: 未能使函数模板“pointer_traits::rebind<const void>::other std::_Get_const_void_pointer_type<_Ty>::_Fn(std::_Wrap_int)”专用化
                 with
                 [
                     _Ty=int
                 ]
                 用下列模板参数:
                 'int'
     1>d:\安装\vs2012\vc\include\xmemory0(262): error C2770: “_Uty::const_void_pointer std::_Get_const_void_pointer_type<_Ty>::_Fn(int)”的显式 模板 参数无效
                 with
                 [
                     _Ty=int
                 ]
                 d:\安装\vs2012\vc\include\xmemory0(262) : 参见“std::_Get_const_void_pointer_type<_Ty>::_Fn”的声明
                 with
                 [
                     _Ty=int
                 ]
     1>d:\安装\vs2012\vc\include\xmemory0(269): error C2039: “type”: 不是“std::_Get_pointer_type<_Ty>”的成员
                 with
                 [
                     _Ty=int
                 ]
                 d:\安装\vs2012\vc\include\xmemory0(276): 参见对正在编译的类 模板 实例化“std::_Get_difference_type<_Ty>”的引用
                 with
                 [
                     _Ty=int
                 ]
                 d:\安装\vs2012\vc\include\xmemory0(430): 参见对正在编译的类 模板 实例化“std::_Get_size_type<_Ty>”的引用
                 with
                 [
                     _Ty=int
                 ]
     1>d:\安装\vs2012\vc\include\xmemory0(269): error C2146: 语法错误: 缺少“,”(在标识符“type”的前面)
     1>d:\安装\vs2012\vc\include\xmemory0(269): error C2065: “type”: 未声明的标识符
     1>d:\安装\vs2012\vc\include\xmemory0(269): error C2893: 未能使函数模板“std::_Get_ptr_difference_type<_Ty>::type std::_Get_difference_type<_Ty>::_Fn(std::_Wrap_int)”专用化
                 with
                 [
                     _Ty=int
                 ]
                 用下列模板参数:
                 'int'
     1>d:\安装\vs2012\vc\include\xmemory0(269): error C2770: “_Uty::difference_type std::_Get_difference_type<_Ty>::_Fn(int)”的显式 模板 参数无效
                 with
                 [
                     _Ty=int
                 ]
                 d:\安装\vs2012\vc\include\xmemory0(269) : 参见“std::_Get_difference_type<_Ty>::_Fn”的声明
                 with
                 [
                     _Ty=int
                 ]
     1>d:\安装\vs2012\vc\include\xmemory0(454): error C2146: 语法错误: 缺少“;”(在标识符“allocate”的前面)
     1>d:\安装\vs2012\vc\include\xmemory0(454): error C4430: 缺少类型说明符 - 假定为 int。注意: C++ 不支持默认 int
     1>d:\安装\vs2012\vc\include\xmemory0(455): error C4430: 缺少类型说明符 - 假定为 int。注意: C++ 不支持默认 int
     1>d:\安装\vs2012\vc\include\xmemory0(455): warning C4183: “allocate”: 缺少返回类型；假定为返回“int”的成员函数
     1>d:\安装\vs2012\vc\include\xmemory0(459): error C2146: 语法错误: 缺少“;”(在标识符“allocate”的前面)
     1>d:\安装\vs2012\vc\include\xmemory0(459): error C4430: 缺少类型说明符 - 假定为 int。注意: C++ 不支持默认 int
     1>d:\安装\vs2012\vc\include\xmemory0(459): error C2086: “int std::allocator_traits<_Alloc>::pointer”: 重定义
                 with
                 [
                     _Alloc=int
                 ]
                 d:\安装\vs2012\vc\include\xmemory0(454) : 参见“std::allocator_traits<_Alloc>::pointer”的声明
                 with
                 [
                     _Alloc=int
                 ]
     1>d:\安装\vs2012\vc\include\xmemory0(461): error C4430: 缺少类型说明符 - 假定为 int。注意: C++ 不支持默认 int
     1>d:\安装\vs2012\vc\include\xmemory0(461): warning C4183: “allocate”: 缺少返回类型；假定为返回“int”的成员函数
     1>d:\安装\vs2012\vc\include\xmemory0(466): error C2061: 语法错误: 标识符“pointer”
     1>d:\安装\vs2012\vc\include\xmemory0(785): error C2146: 语法错误: 缺少“;”(在标识符“pointer”的前面)
     1>d:\安装\vs2012\vc\include\xmemory0(785): error C2838: “pointer”: 成员声明中的非法限定名
     1>d:\安装\vs2012\vc\include\xmemory0(785): error C4430: 缺少类型说明符 - 假定为 int。注意: C++ 不支持默认 int
     1>d:\安装\vs2012\vc\include\xmemory0(818): error C2146: 语法错误: 缺少“;”(在标识符“address”的前面)
     1>d:\安装\vs2012\vc\include\xmemory0(818): error C4430: 缺少类型说明符 - 假定为 int。注意: C++ 不支持默认 int
     1>d:\安装\vs2012\vc\include\xmemory0(819): error C4430: 缺少类型说明符 - 假定为 int。注意: C++ 不支持默认 int
     1>d:\安装\vs2012\vc\include\xmemory0(819): warning C4183: “address”: 缺少返回类型；假定为返回“int”的成员函数
     1>d:\安装\vs2012\vc\include\xmemory0(874): error C2146: 语法错误: 缺少“;”(在标识符“allocate”的前面)
     1>d:\安装\vs2012\vc\include\xmemory0(874): error C4430: 缺少类型说明符 - 假定为 int。注意: C++ 不支持默认 int
     1>d:\安装\vs2012\vc\include\xmemory0(875): error C4430: 缺少类型说明符 - 假定为 int。注意: C++ 不支持默认 int
     1>d:\安装\vs2012\vc\include\xmemory0(875): warning C4183: “allocate”: 缺少返回类型；假定为返回“int”的成员函数
     1>d:\安装\vs2012\vc\include\xmemory0(879): error C2146: 语法错误: 缺少“;”(在标识符“allocate”的前面)
     1>d:\安装\vs2012\vc\include\xmemory0(879): error C4430: 缺少类型说明符 - 假定为 int。注意: C++ 不支持默认 int
     1>d:\安装\vs2012\vc\include\xmemory0(881): error C4430: 缺少类型说明符 - 假定为 int。注意: C++ 不支持默认 int
     1>d:\安装\vs2012\vc\include\xmemory0(881): warning C4183: “allocate”: 缺少返回类型；假定为返回“int”的成员函数
     1>d:\安装\vs2012\vc\include\xmemory0(885): error C2061: 语法错误: 标识符“pointer”
     1>d:\安装\vs2012\vc\include\vector(450): error C2039: “pointer”: 不是“std::_Wrap_alloc<_Alloc>”的成员
                 with
                 [
                     _Alloc=int
                 ]
     1>d:\安装\vs2012\vc\include\vector(450): error C2146: 语法错误: 缺少“;”(在标识符“_Tptr”的前面)
     1>d:\安装\vs2012\vc\include\vector(450): error C4430: 缺少类型说明符 - 假定为 int。注意: C++ 不支持默认 int
     1>d:\安装\vs2012\vc\include\vector(451): error C2065: “_Tptr”: 未声明的标识符
     1>d:\安装\vs2012\vc\include\vector(451): error C2923: “std::_Wrap_alloc<_Alloc>::rebind”: 对于参数“_Other”，“_Tptr”不是有效的 模板 类型变量
                 with
                 [
                     _Alloc=int
                 ]
     1>d:\安装\vs2012\vc\include\vector(451): error C2955: “std::_Wrap_alloc<_Alloc>::rebind”: 使用类 模板 需要 模板 参数列表
                 with
                 [
                     _Alloc=int
                 ]
                 d:\安装\vs2012\vc\include\xmemory0(812) : 参见“std::_Wrap_alloc<_Alloc>::rebind”的声明
                 with
                 [
                     _Alloc=int
                 ]
     1>d:\安装\vs2012\vc\include\xmemory0(104): error C2039: “pointer”: 不是“std::_Wrap_alloc<_Alloc>”的成员
                 with
                 [
                     _Alloc=int
                 ]
                 d:\安装\vs2012\vc\include\vector(453): 参见对正在编译的类 模板 实例化“std::_Is_simple_alloc<_Alty>”的引用
                 with
                 [
                     _Alty=std::_Wrap_alloc<int>
                 ]
     1>d:\安装\vs2012\vc\include\xmemory0(104): error C2146: 语法错误: 缺少“,”(在标识符“pointer”的前面)
     1>d:\安装\vs2012\vc\include\xmemory0(104): error C2065: “pointer”: 未声明的标识符
     1>d:\安装\vs2012\vc\include\xmemory0(105): error C2955: “std::is_same”: 使用类 模板 需要 模板 参数列表
                 d:\安装\vs2012\vc\include\xtr1common(95) : 参见“std::is_same”的声明
     1>d:\安装\vs2012\vc\include\vector(458): error C2039: “pointer”: 不是“std::_Wrap_alloc<_Alloc>”的成员
                 with
                 [
                     _Alloc=int
                 ]
     1>已完成生成项目“E:\Project\STL造轮子\Ecalloc\Ecalloc\Ecalloc.vcxproj”(Build 个目标)的操作 - 失败。

生成失败。

已用时间 00:00:02.19
